[INFO] Scanning for projects...
[INFO] 
[INFO] ----------------< com.enterprise:investment-analytics >-----------------
[INFO] Building investment-analytics 0.0.1-SNAPSHOT
[INFO]   from pom.xml
[INFO] --------------------------------[ jar ]---------------------------------
[INFO] 
[INFO] --- clean:3.3.2:clean (default-clean) @ investment-analytics ---
[INFO] Deleting C:\Users\jayadeep\Downloads\Booku\backend\target
[INFO] 
[INFO] --- resources:3.3.1:resources (default-resources) @ investment-analytics ---
[INFO] Copying 2 resources from src\main\resources to target\classes
[INFO] Copying 0 resource from src\main\resources to target\classes
[INFO] 
[INFO] --- compiler:3.11.0:compile (default-compile) @ investment-analytics ---
[INFO] Changes detected - recompiling the module! :source
[INFO] Compiling 49 source files with javac [debug release 17] to target\classes
[INFO] -------------------------------------------------------------
[ERROR] COMPILATION ERROR : 
[INFO] -------------------------------------------------------------
[ERROR] /C:/Users/jayadeep/Downloads/Booku/backend/src/main/java/com/enterprise/investmentanalytics/service/WithdrawalService.java:[45,50] cannot find symbol
  symbol:   method findByUser(com.enterprise.investmentanalytics.model.entity.User)
  location: variable portfolioRepository of type com.enterprise.investmentanalytics.repository.PortfolioRepository
[ERROR] /C:/Users/jayadeep/Downloads/Booku/backend/src/main/java/com/enterprise/investmentanalytics/service/WithdrawalService.java:[94,50] cannot find symbol
  symbol:   method findByUser(com.enterprise.investmentanalytics.model.entity.User)
  location: variable portfolioRepository of type com.enterprise.investmentanalytics.repository.PortfolioRepository
[INFO] 2 errors 
[INFO] -------------------------------------------------------------
[INFO] ------------------------------------------------------------------------
[INFO] BUILD FAILURE
[INFO] ------------------------------------------------------------------------
[INFO] Total time:  28.072 s
[INFO] Finished at: 2025-12-12T21:58:55+05:30
[INFO] ------------------------------------------------------------------------
[ERROR] Failed to execute goal org.apache.maven.plugins:maven-compiler-plugin:3.11.0:compile (default-compile) on project investment-analytics: Compilation failure: Compilation failure: 
[ERROR] /C:/Users/jayadeep/Downloads/Booku/backend/src/main/java/com/enterprise/investmentanalytics/service/WithdrawalService.java:[45,50] cannot find symbol
[ERROR]   symbol:   method findByUser(com.enterprise.investmentanalytics.model.entity.User)
[ERROR]   location: variable portfolioRepository of type com.enterprise.investmentanalytics.repository.PortfolioRepository
[ERROR] /C:/Users/jayadeep/Downloads/Booku/backend/src/main/java/com/enterprise/investmentanalytics/service/WithdrawalService.java:[94,50] cannot find symbol
[ERROR]   symbol:   method findByUser(com.enterprise.investmentanalytics.model.entity.User)
[ERROR]   location: variable portfolioRepository of type com.enterprise.investmentanalytics.repository.PortfolioRepository
[ERROR] -> [Help 1]
[ERROR] 
[ERROR] To see the full stack trace of the errors, re-run Maven with the -e switch.
[ERROR] Re-run Maven using the -X switch to enable full debug logging.
[ERROR] 
[ERROR] For more information about the errors and possible solutions, please read the following articles:
[ERROR] [Help 1] http://cwiki.apache.org/confluence/display/MAVEN/MojoFailureException
